0.2
added optional ';' at the end of the statements
LIMIT
fixed "all columns" parsing bug, as in "select table_name.* from table_name"
UNION

0.2.1
DISTINCT ON clause
OFFSET without LIMIT

0.3
added select test cases
Fixed bug in table name (schema was swapped with the name)
Changed tableName field into table (since it is a Table object) in AllTableColumns class
added INNER join
fixed bug in IN,BETWEEN,IS NULL
fixed bug in GROUP BY (comma between list of columns was missing)
HAVING is not tied to GROUP BY anymore
Changed OrderBy in OrderByElement and OrderByClause in OrderBy
added all different syntaxes for REPLACE
Changed Update in order to be more similar to Replace
Added CREATE TABLE, DROP

0.3.1
added SpeedTest

0.3.2
added Truncate

0.3.3
Added de-parsers
Removed OrderBy (it was just a list of collection of ColumnRefences)
Removed GroupBy (it was just a list of collection of GroupByElements)
Removed list in case they are empty (just leave them as null)

0.3.4
table name and schema default to null

0.3.5
added USING in Joins and functions handling

0.3.6
proper numbers management

0.3.7
added date,time and timestamp parsing
fixed double alias in deparser

0.3.8
escaped functions
SQLExpressionList is a list of Expressions, not SimpleExpressions

0.3.9
fixed bug in no-args function deparser

0.3.10
fixed bug in GROUP BY and LIMIT in DeParser

0.3.11
fixed ASC/DESC bug in SelectDeParser
added toString methods
added TOP


0.3.12
toStrings

0.3.13
fixed minor toString bug

0.3.16
escape clause
fixed bug in order of having and order by items

0.4.0
added EXISTS clause


0.4.1
removed bug on Function names

0.4.2
Added ANY, SOME, ALL conditions

0.4.3
Removed bug 1928388 

0.4.4
Added NOT to binaryexpressions
Fixed double handling (1e2, e3 etc)
